Using pre-set license
Built from '2020.3/staging' branch; Version is '2020.3.19f1 (68f137dc9bbe) revision 6877495'; Using compiler version '192528614'; Build Type 'Release'
OS: 'Windows 10 Pro; OS build 19042.1237; Version 2009; 64bit' Language: 'en' Physical Memory: 8140 MB
BatchMode: 1, IsHumanControllingUs: 0, StartBugReporterOnCrash: 0, Is64bit: 1, IsPro: 0

COMMAND LINE ARGUMENTS:
D:\2020.3.19f1\Editor\Unity.exe
-adb2
-batchMode
-noUpm
-name
AssetImportWorker0
-projectPath
D:/Users/Admin/SelfKill
-logFile
Logs/AssetImportWorker0.log
-srvPort
49849
Successfully changed project path to: D:/Users/Admin/SelfKill
D:/Users/Admin/SelfKill
Using Asset Import Pipeline V2.
Refreshing native plugins compatible for Editor in 73.27 ms, found 3 plugins.
Preloading 0 native plugins for Editor in 0.00 ms.
Initialize engine version: 2020.3.19f1 (68f137dc9bbe)
[Subsystems] Discovering subsystems at path D:/2020.3.19f1/Editor/Data/Resources/UnitySubsystems
[Subsystems] Discovering subsystems at path D:/Users/Admin/SelfKill/Assets
GfxDevice: creating device client; threaded=0
Direct3D:
    Version:  Direct3D 11.0 [level 11.1]
    Renderer: AMD Radeon R9 200 Series (ID=0x6810)
    Vendor:   
    VRAM:     2027 MB
    Driver:   27.20.1034.6
Initialize mono
Mono path[0] = 'D:/2020.3.19f1/Editor/Data/Managed'
Mono path[1] = 'D:/2020.3.19f1/Editor/Data/MonoBleedingEdge/lib/mono/unityjit'
Mono config path = 'D:/2020.3.19f1/Editor/Data/MonoBleedingEdge/etc'
Using monoOptions --debugger-agent=transport=dt_socket,embedding=1,server=y,suspend=n,address=127.0.0.1:56064
Begin MonoManager ReloadAssembly
Registering precompiled unity dll's ...
Register platform support module: D:/2020.3.19f1/Editor/Data/PlaybackEngines/WindowsStandaloneSupport/UnityEditor.WindowsStandalone.Extensions.dll
Registered in 0.003229 seconds.
Native extension for WindowsStandalone target not found
Refreshing native plugins compatible for Editor in 98.46 ms, found 3 plugins.
Preloading 0 native plugins for Editor in 0.00 ms.
Mono: successfully reloaded assembly
- Completed reload, in  2.501 seconds
Domain Reload Profiling:
	ReloadAssembly (2501ms)
		BeginReloadAssembly (111ms)
			ExecutionOrderSort (0ms)
			DisableScriptedObjects (0ms)
			BackupInstance (0ms)
			ReleaseScriptingObjects (0ms)
			CreateAndSetChildDomain (1ms)
		EndReloadAssembly (1089ms)
			LoadAssemblies (110ms)
			RebuildTransferFunctionScriptingTraits (0ms)
			SetupTypeCache (471ms)
			ReleaseScriptCaches (0ms)
			RebuildScriptCaches (95ms)
			SetupLoadedEditorAssemblies (368ms)
				LogAssemblyErrors (0ms)
				InitializePlatformSupportModulesInManaged (8ms)
				SetLoadedEditorAssemblies (0ms)
				RefreshPlugins (99ms)
				BeforeProcessingInitializeOnLoad (21ms)
				ProcessInitializeOnLoadAttributes (190ms)
				ProcessInitializeOnLoadMethodAttributes (50ms)
				AfterProcessingInitializeOnLoad (0ms)
				EditorAssembliesLoaded (0ms)
			ExecutionOrderSort2 (0ms)
			AwakeInstancesAfterBackupRestoration (0ms)
Platform modules already initialized, skipping
Registering precompiled user dll's ...
Registered in 0.005243 seconds.
Begin MonoManager ReloadAssembly
Native extension for WindowsStandalone target not found
Refreshing native plugins compatible for Editor in 75.36 ms, found 3 plugins.
Preloading 0 native plugins for Editor in 0.00 ms.
Mono: successfully reloaded assembly
- Completed reload, in  1.906 seconds
Domain Reload Profiling:
	ReloadAssembly (1907ms)
		BeginReloadAssembly (264ms)
			ExecutionOrderSort (0ms)
			DisableScriptedObjects (8ms)
			BackupInstance (0ms)
			ReleaseScriptingObjects (0ms)
			CreateAndSetChildDomain (28ms)
		EndReloadAssembly (1534ms)
			LoadAssemblies (188ms)
			RebuildTransferFunctionScriptingTraits (0ms)
			SetupTypeCache (542ms)
			ReleaseScriptCaches (1ms)
			RebuildScriptCaches (85ms)
			SetupLoadedEditorAssemblies (542ms)
				LogAssemblyErrors (0ms)
				InitializePlatformSupportModulesInManaged (6ms)
				SetLoadedEditorAssemblies (0ms)
				RefreshPlugins (75ms)
				BeforeProcessingInitializeOnLoad (109ms)
				ProcessInitializeOnLoadAttributes (324ms)
				ProcessInitializeOnLoadMethodAttributes (20ms)
				AfterProcessingInitializeOnLoad (7ms)
				EditorAssembliesLoaded (0ms)
			ExecutionOrderSort2 (0ms)
			AwakeInstancesAfterBackupRestoration (10ms)
Platform modules already initialized, skipping
========================================================================
Worker process is ready to serve import requests
Launched and connected shader compiler UnityShaderCompiler.exe after 0.14 seconds
Refreshing native plugins compatible for Editor in 0.68 ms, found 3 plugins.
Preloading 0 native plugins for Editor in 0.00 ms.
Unloading 2091 Unused Serialized files (Serialized files now loaded: 0)
System memory in use before: 93.0 MB.
System memory in use after: 93.1 MB.

Unloading 26 unused Assets to reduce memory usage. Loaded Objects now: 2530.
Total: 4.205800 ms (FindLiveObjects: 0.396300 ms CreateObjectMapping: 0.102200 ms MarkObjects: 3.619100 ms  DeleteObjects: 0.086500 ms)

AssetImportParameters requested are different than current active one (requested -> active):
  custom:framework-win-MediaFoundation: 216162199b28c13a410421893ffa2e32 -> 
  custom:video-decoder-ogg-theora: a1e56fd34408186e4bbccfd4996cb3dc -> 
  custom:container-muxer-webm: aa71ff27fc2769a1b78a27578f13a17b -> 
  custom:container-demuxer-webm: 4f35f7cbe854078d1ac9338744f61a02 -> 
  custom:container-demuxer-ogg: 62fdf1f143b41e24485cea50d1cbac27 -> 
  custom:video-encoder-webm-vp8: eb34c28f22e8b96e1ab97ce403110664 -> 
  custom:video-decoder-webm-vp8: 9c59270c3fd7afecdb556c50c9e8de78 -> 
  custom:audio-decoder-ogg-vorbis: bf7c407c2cedff20999df2af8eb42d56 -> 
  custom:audio-encoder-webm-vorbis: bf7c407c2cedff20999df2af8eb42d56 -> 
========================================================================
Received Import Request.
  path: Assets
  artifactKey: Guid(00000000000000001000000000000000) Importer(815301076,1909f56bfc062723c751e8b465ee728b)
Start importing Assets using Guid(00000000000000001000000000000000) Importer(815301076,1909f56bfc062723c751e8b465ee728b)  -> (artifact id: '42d402b061de3733987d63b9cc3b64de') in 0.033037 seconds 
  Import took 0.037388 seconds .

========================================================================
Received Import Request.
  Time since last request: 0.000313 seconds.
  path: Assets/BH_rectangleboy.png
  artifactKey: Guid(9b5fdc9b85ea2da4495242280f8059a1) Importer(815301076,1909f56bfc062723c751e8b465ee728b)
Start importing Assets/BH_rectangleboy.png using Guid(9b5fdc9b85ea2da4495242280f8059a1) Importer(815301076,1909f56bfc062723c751e8b465ee728b)  -> (artifact id: '65b15458056dae365aaca308baed99c5') in 0.441200 seconds 
  Import took 0.445834 seconds .

========================================================================
Received Import Request.
  Time since last request: 20.666442 seconds.
  path: Packages/com.unity.2d.sprite
  artifactKey: Guid(0901a6b758d060e9422c4f8d588d5895) Importer(815301076,1909f56bfc062723c751e8b465ee728b)
Start importing Packages/com.unity.2d.sprite using Guid(0901a6b758d060e9422c4f8d588d5895) Importer(815301076,1909f56bfc062723c751e8b465ee728b)  -> (artifact id: '1ac9f0859ed1eccac4506b3b2480e9d0') in 0.018413 seconds 
  Import took 0.023679 seconds .

========================================================================
Received Import Request.
  Time since last request: 0.070048 seconds.
  path: Packages/com.unity.2d.sprite/package.json
  artifactKey: Guid(7dc5f1e5d04ac8549ac21802071e983b) Importer(815301076,1909f56bfc062723c751e8b465ee728b)
Start importing Packages/com.unity.2d.sprite/package.json using Guid(7dc5f1e5d04ac8549ac21802071e983b) Importer(815301076,1909f56bfc062723c751e8b465ee728b)  -> (artifact id: 'ff87128bdf6981a9843158b29f26b2df') in 0.051508 seconds 
  Import took 0.056268 seconds .

========================================================================
Received Import Request.
  Time since last request: 4.005799 seconds.
  path: Packages/com.unity.2d.psdimporter/package.json
  artifactKey: Guid(2f948ecb81c850949a2725b1ba265844) Importer(815301076,1909f56bfc062723c751e8b465ee728b)
Start importing Packages/com.unity.2d.psdimporter/package.json using Guid(2f948ecb81c850949a2725b1ba265844) Importer(815301076,1909f56bfc062723c751e8b465ee728b)  -> (artifact id: '5e35de09a832baf3b93f3ceeec5ce3b9') in 0.033032 seconds 
  Import took 0.038688 seconds .

========================================================================
Received Import Request.
  Time since last request: 2.540588 seconds.
  path: Packages/com.unity.2d.sprite/CHANGELOG.md
  artifactKey: Guid(b7007d815829e7644bb81d1f8004a340) Importer(815301076,1909f56bfc062723c751e8b465ee728b)
Start importing Packages/com.unity.2d.sprite/CHANGELOG.md using Guid(b7007d815829e7644bb81d1f8004a340) Importer(815301076,1909f56bfc062723c751e8b465ee728b)  -> (artifact id: 'f4e5d6b01938a76ac34b9a1add2ab24c') in 0.015385 seconds 
  Import took 0.020162 seconds .

========================================================================
Received Import Request.
  Time since last request: 0.904128 seconds.
  path: Packages/com.unity.2d.pixel-perfect/package.json
  artifactKey: Guid(b1c570008ebc15d4183516ca5722a39e) Importer(815301076,1909f56bfc062723c751e8b465ee728b)
Start importing Packages/com.unity.2d.pixel-perfect/package.json using Guid(b1c570008ebc15d4183516ca5722a39e) Importer(815301076,1909f56bfc062723c751e8b465ee728b)  -> (artifact id: '00989447aebaa7f8a44a908d1cabf462') in 0.024286 seconds 
  Import took 0.028483 seconds .

========================================================================
Received Import Request.
  Time since last request: 0.545368 seconds.
  path: Packages/com.unity.2d.path/package.json
  artifactKey: Guid(990785fe75c54584ab4201a3e20e1655) Importer(815301076,1909f56bfc062723c751e8b465ee728b)
Start importing Packages/com.unity.2d.path/package.json using Guid(990785fe75c54584ab4201a3e20e1655) Importer(815301076,1909f56bfc062723c751e8b465ee728b)  -> (artifact id: 'fe5d99fbc4c8faa1672fe316120be7b3') in 0.023891 seconds 
  Import took 0.028789 seconds .

========================================================================
Received Import Request.
  Time since last request: 3.606001 seconds.
  path: Packages/com.unity.2d.animation/package.json
  artifactKey: Guid(9e83c20a8293f44ec8a375d3805f477d) Importer(815301076,1909f56bfc062723c751e8b465ee728b)
Start importing Packages/com.unity.2d.animation/package.json using Guid(9e83c20a8293f44ec8a375d3805f477d) Importer(815301076,1909f56bfc062723c751e8b465ee728b)  -> (artifact id: '519ad1bf8fe5f847ba8bc5d602dfca65') in 0.032064 seconds 
  Import took 0.038006 seconds .

========================================================================
Received Import Request.
  Time since last request: 65372.168065 seconds.
  path: ProjectSettings/TagManager.asset
  artifactKey: Guid(00000000000000003000000000000000) Importer(815301076,1909f56bfc062723c751e8b465ee728b)
Start importing ProjectSettings/TagManager.asset using Guid(00000000000000003000000000000000) Importer(815301076,1909f56bfc062723c751e8b465ee728b)  -> (artifact id: '95df672b4aaba54310d34c83eef51bb8') in 1.471567 seconds 
  Import took 2.174339 seconds .

========================================================================
Received Import Request.
  Time since last request: 171.815482 seconds.
  path: Assets/BH_backround_black.png
  artifactKey: Guid(a04ea338f931a6642ad8fa838b79d0b7) Importer(815301076,1909f56bfc062723c751e8b465ee728b)
Start importing Assets/BH_backround_black.png using Guid(a04ea338f931a6642ad8fa838b79d0b7) Importer(815301076,1909f56bfc062723c751e8b465ee728b)  -> (artifact id: '99b2d0c36a9de15eaf703cc2eedbe735') in 1.703870 seconds 
  Import took 1.850482 seconds .

========================================================================
Received Import Request.
  Time since last request: 0.000378 seconds.
  path: Assets/BH_cubeboy.png
  artifactKey: Guid(020bfe4ed35febe458a5c3dc60cd9176) Importer(815301076,1909f56bfc062723c751e8b465ee728b)
Start importing Assets/BH_cubeboy.png using Guid(020bfe4ed35febe458a5c3dc60cd9176) Importer(815301076,1909f56bfc062723c751e8b465ee728b)  -> (artifact id: '0e40a282b187bef1b3d2e2f1925601a3') in 0.224176 seconds 
  Import took 0.332711 seconds .

========================================================================
Received Import Request.
  Time since last request: 15.886457 seconds.
  path: Assets/BulletMove.cs
  artifactKey: Guid(05d1a18f03f74ea4b93a368ae0097e4b) Importer(815301076,1909f56bfc062723c751e8b465ee728b)
Start importing Assets/BulletMove.cs using Guid(05d1a18f03f74ea4b93a368ae0097e4b) Importer(815301076,1909f56bfc062723c751e8b465ee728b)  -> (artifact id: 'b1b0229142a129ef79fb80ae4126b7ae') in 0.535086 seconds 
  Import took 0.627664 seconds .

========================================================================
Received Import Request.
  Time since last request: 23.212638 seconds.
  path: Assets/New Folder
  artifactKey: Guid(e2840aa43704c9647a8d365e50498a22) Importer(815301076,1909f56bfc062723c751e8b465ee728b)
Start importing Assets/New Folder using Guid(e2840aa43704c9647a8d365e50498a22) Importer(815301076,1909f56bfc062723c751e8b465ee728b)  -> (artifact id: 'fa49cad5d376fa2694d3d03ca394bfa2') in 0.067529 seconds 
  Import took 0.092976 seconds .

========================================================================
Received Import Request.
  Time since last request: 65.068362 seconds.
  path: Assets/Backrounds
  artifactKey: Guid(ab926828545516e449fc9c6e42f769a8) Importer(815301076,1909f56bfc062723c751e8b465ee728b)
Start importing Assets/Backrounds using Guid(ab926828545516e449fc9c6e42f769a8) Importer(815301076,1909f56bfc062723c751e8b465ee728b)  -> (artifact id: '9d8e6523e2a4c18d55fe95cd2c636f45') in 0.028458 seconds 
  Import took 0.044211 seconds .

========================================================================
Received Import Request.
  Time since last request: 47.845962 seconds.
  path: Assets/Scrips
  artifactKey: Guid(3b41f452096f3dd42ad619bc499671c0) Importer(815301076,1909f56bfc062723c751e8b465ee728b)
Start importing Assets/Scrips using Guid(3b41f452096f3dd42ad619bc499671c0) Importer(815301076,1909f56bfc062723c751e8b465ee728b)  -> (artifact id: '8a033b1b6980b0d868dca8a8176ae56a') in 0.024459 seconds 
  Import took 0.036735 seconds .

========================================================================
Received Import Request.
  Time since last request: 12803.327957 seconds.
  path: Assets/Sprites/BH_bullet.png
  artifactKey: Guid(50d79aaad73c25d41af8b4d40aed0b40) Importer(815301076,1909f56bfc062723c751e8b465ee728b)
Start importing Assets/Sprites/BH_bullet.png using Guid(50d79aaad73c25d41af8b4d40aed0b40) Importer(815301076,1909f56bfc062723c751e8b465ee728b)  -> (artifact id: '12408ed0a96deb73e8fd5d51d9bb252a') in 0.375073 seconds 
  Import took 0.443279 seconds .

========================================================================
Received Import Request.
  Time since last request: 7.496911 seconds.
  path: Assets/Sprites/BH_bullet2.png
  artifactKey: Guid(1796a96f38936704e9d047b990559e68) Importer(815301076,1909f56bfc062723c751e8b465ee728b)
Start importing Assets/Sprites/BH_bullet2.png using Guid(1796a96f38936704e9d047b990559e68) Importer(815301076,1909f56bfc062723c751e8b465ee728b)  -> (artifact id: 'bc75c47a4105417277cc2ba06464da78') in 0.253970 seconds 
  Import took 0.263509 seconds .

AssetImportWorkerClient::OnTransportError - code=2 error=End of file
